2025-11-19 10:34:58, MOVE, v:1, k:poo@array, mode:PICK
2025-11-19 10:34:59, EXEC, v:1, k:poo@array, mode:LOCK, rate:0
2025-11-19 10:35:48, MOVE, v:1, k:poo@array, mode:BACK
2025-11-19 10:36:32, SELF, v:1, k:poo@array, human:_amigo, alone:9, study:200
2025-11-19 10:36:58, MOVE, v:1, k:poo@lapiseira, mode:DOWN
2025-11-19 10:37:00, MOVE, v:1, k:poo@lapiseira, mode:PICK
2025-11-19 10:37:02, EXEC, v:1, k:poo@lapiseira, mode:FULL, rate:0, size:0
2025-11-19 10:40:48, MOVE, v:1, k:poo@lapiseira, mode:BACK
2025-11-19 10:40:58, MOVE, v:1, k:poo@lapiseira, mode:PICK
2025-11-19 10:40:59, EXEC, v:1, k:poo@lapiseira, mode:FULL, rate:0
2025-11-19 10:41:02, MOVE, v:1, k:poo@lapiseira, mode:BACK
2025-11-19 10:42:02, MOVE, v:1, k:poo@cinema, mode:DOWN
2025-11-19 10:42:03, MOVE, v:1, k:poo@cinema, mode:PICK
2025-11-19 10:42:04, EXEC, v:1, k:poo@cinema, mode:FULL, rate:0, size:0
2025-11-19 11:02:17, EXEC, v:1, k:poo@cinema, mode:FULL, rate:0, size:43
2025-11-19 11:09:39, EXEC, v:1, k:poo@cinema, mode:FULL, rate:0, size:59
2025-11-19 11:16:25, EXEC, v:1, k:poo@cinema, mode:FULL, rate:11, size:63
2025-11-19 11:17:00, EXEC, v:1, k:poo@cinema, mode:FULL, rate:11
2025-11-19 11:20:06, EXEC, v:1, k:poo@cinema, mode:FULL, rate:33, size:65
2025-11-19 11:20:16, EXEC, v:1, k:poo@cinema, mode:FULL, rate:33
2025-11-19 11:20:17, MOVE, v:1, k:poo@cinema, mode:BACK
2025-11-19 11:20:51, MOVE, v:1, k:poo@cinema, mode:PICK
2025-11-19 11:20:52, EXEC, v:1, k:poo@cinema, mode:FULL, rate:33
2025-11-19 11:21:19, EXEC, v:1, k:poo@cinema, mode:FULL, rate:0, size:58
2025-11-19 11:21:20, EXEC, v:1, k:poo@cinema, mode:FULL, rate:0
2025-11-19 11:21:20, EXEC, v:1, k:poo@cinema, mode:FULL, rate:0
2025-11-19 11:21:21, EXEC, v:1, k:poo@cinema, mode:FULL, rate:0
2025-11-19 11:21:21, EXEC, v:1, k:poo@cinema, mode:FULL, rate:0
2025-11-19 11:21:24, EXEC, v:1, k:poo@cinema, mode:FULL, rate:0
2025-11-19 11:21:25, EXEC, v:1, k:poo@cinema, mode:FULL, rate:0
2025-11-19 11:21:26, EXEC, v:1, k:poo@cinema, mode:FULL, rate:0
2025-11-19 11:21:27, EXEC, v:1, k:poo@cinema, mode:FULL, rate:0
2025-11-19 11:21:55, EXEC, v:1, k:poo@cinema, mode:FULL, rate:33, size:64
2025-11-19 11:21:59, MOVE, v:1, k:poo@cinema, mode:BACK
2025-11-19 11:23:17, MOVE, v:1, k:poo@cinema, mode:PICK
2025-11-19 11:23:19, EXEC, v:1, k:poo@cinema, mode:FULL, rate:33
2025-11-19 11:33:22, EXEC, v:1, k:poo@cinema, mode:FULL, rate:0, size:67
2025-11-19 11:33:25, EXEC, v:1, k:poo@cinema, mode:FULL, rate:0
2025-11-19 11:37:03, EXEC, v:1, k:poo@cinema, mode:FULL, rate:0, size:68
2025-11-19 11:37:31, MOVE, v:1, k:poo@cinema, mode:BACK
2025-11-19 11:37:35, MOVE, v:1, k:poo@cinema, mode:PICK
2025-11-19 11:37:36, EXEC, v:1, k:poo@cinema, mode:FULL, rate:0
2025-11-19 11:39:23, EXEC, v:1, k:poo@cinema, mode:FULL, rate:33, size:64
2025-11-19 11:39:24, MOVE, v:1, k:poo@cinema, mode:BACK
2025-11-19 11:39:45, MOVE, v:1, k:poo@cinema, mode:PICK
2025-11-19 11:39:46, EXEC, v:1, k:poo@cinema, mode:FULL, rate:33
2025-11-19 11:39:51, MOVE, v:1, k:poo@cinema, mode:BACK
2025-11-19 11:39:55, MOVE, v:1, k:poo@cinema, mode:PICK
2025-11-19 11:39:56, EXEC, v:1, k:poo@cinema, mode:FULL, rate:33
2025-11-19 11:43:14, EXEC, v:1, k:poo@cinema, mode:FULL, rate:33
2025-11-19 11:43:31, EXEC, v:1, k:poo@cinema, mode:FULL, rate:33
2025-11-19 11:47:50, EXEC, v:1, k:poo@cinema, mode:FULL, rate:33, size:65
2025-11-19 11:48:47, EXEC, v:1, k:poo@cinema, mode:FULL, rate:33, size:65
2025-11-19 11:49:16, EXEC, v:1, k:poo@cinema, mode:FULL, rate:33
2025-11-19 11:49:16, EXEC, v:1, k:poo@cinema, mode:FULL, rate:33
2025-11-19 11:49:18, MOVE, v:1, k:poo@cinema, mode:BACK
2025-11-19 11:49:22, MOVE, v:1, k:poo@cinema, mode:PICK
2025-11-19 11:49:23, EXEC, v:1, k:poo@cinema, mode:FULL, rate:33
2025-11-19 11:54:06, EXEC, v:1, k:poo@cinema, mode:FULL, rate:33
2025-11-19 19:57:25, MOVE, v:1, k:poo@cinema, mode:PICK
2025-11-19 19:57:26, EXEC, v:1, k:poo@cinema, mode:FULL, rate:33
2025-11-19 20:11:57, EXEC, v:1, k:poo@cinema, mode:FULL, rate:0, size:70
2025-11-19 20:14:39, EXEC, v:1, k:poo@cinema, mode:FULL, rate:0, size:70
2025-11-19 20:16:01, EXEC, v:1, k:poo@cinema, mode:FULL, rate:0, size:72
2025-11-19 20:20:13, EXEC, v:1, k:poo@cinema, mode:FULL, rate:0, size:72
2025-11-19 20:23:52, EXEC, v:1, k:poo@cinema, mode:FULL, rate:0, size:70
2025-11-19 20:23:53, MOVE, v:1, k:poo@cinema, mode:BACK
2025-11-19 20:25:44, MOVE, v:1, k:poo@cinema, mode:PICK
2025-11-19 20:25:45, EXEC, v:1, k:poo@cinema, mode:FULL, rate:0
2025-11-19 20:28:19, EXEC, v:1, k:poo@cinema, mode:FULL, rate:0
2025-11-19 20:33:16, EXEC, v:1, k:poo@cinema, mode:FULL, rate:0, size:70
2025-11-19 20:48:29, EXEC, v:1, k:poo@cinema, mode:FULL, rate:0
2025-11-19 20:48:34, MOVE, v:1, k:poo@cinema, mode:BACK
2025-11-19 20:48:38, MOVE, v:1, k:poo@cinema, mode:PICK
2025-11-19 20:48:39, EXEC, v:1, k:poo@cinema, mode:FULL, rate:0
2025-11-19 20:52:51, EXEC, v:1, k:poo@cinema, mode:FULL, rate:0, size:68
2025-11-19 20:58:12, EXEC, v:1, k:poo@cinema, mode:FULL, rate:0, size:73
2025-11-19 20:58:14, EXEC, v:1, k:poo@cinema, mode:FULL, rate:0
2025-11-19 20:59:27, EXEC, v:1, k:poo@cinema, mode:FULL, rate:0
2025-11-19 20:59:27, MOVE, v:1, k:poo@cinema, mode:BACK
2025-11-19 20:59:35, MOVE, v:1, k:poo@cinema, mode:PICK
2025-11-19 20:59:36, EXEC, v:1, k:poo@cinema, mode:FULL, rate:0
2025-11-19 20:59:38, EXEC, v:1, k:poo@cinema, mode:FULL, rate:0
2025-11-19 21:05:49, EXEC, v:1, k:poo@cinema, mode:FULL, rate:0, size:83
2025-11-19 21:05:50, EXEC, v:1, k:poo@cinema, mode:FULL, rate:0
2025-11-19 21:09:05, EXEC, v:1, k:poo@cinema, mode:FULL, rate:33, size:83
2025-11-19 21:09:09, EXEC, v:1, k:poo@cinema, mode:FULL, rate:33
2025-11-19 21:09:10, MOVE, v:1, k:poo@cinema, mode:BACK
2025-11-19 21:09:21, MOVE, v:1, k:poo@cinema, mode:PICK
2025-11-19 21:09:22, EXEC, v:1, k:poo@cinema, mode:FULL, rate:33
2025-11-19 21:14:12, EXEC, v:1, k:poo@cinema, mode:FULL, rate:33
2025-11-19 21:15:49, EXEC, v:1, k:poo@cinema, mode:FULL, rate:33, size:84
2025-11-19 21:15:53, EXEC, v:1, k:poo@cinema, mode:FULL, rate:33
2025-11-19 21:19:43, EXEC, v:1, k:poo@cinema, mode:FULL, rate:33
2025-11-19 21:22:19, EXEC, v:1, k:poo@cinema, mode:FULL, rate:88, size:90
2025-11-19 21:22:24, EXEC, v:1, k:poo@cinema, mode:FULL, rate:88
2025-11-19 21:25:50, EXEC, v:1, k:poo@cinema, mode:FULL, rate:100, size:90
2025-11-19 21:26:00, EXEC, v:1, k:poo@cinema, mode:FULL, rate:100
2025-11-19 21:27:28, MOVE, v:1, k:poo@cinema, mode:BACK
2025-11-19 21:27:42, MOVE, v:1, k:poo@cinema, mode:PICK
2025-11-19 21:27:44, EXEC, v:1, k:poo@cinema, mode:FULL, rate:100
2025-11-19 21:50:46, EXEC, v:1, k:poo@cinema, mode:FULL, rate:100
2025-11-19 21:52:18, EXEC, v:1, k:poo@cinema, mode:FULL, rate:100
2025-11-19 21:52:19, MOVE, v:1, k:poo@cinema, mode:BACK
2025-11-19 21:52:28, MOVE, v:1, k:poo@cinema, mode:PICK
2025-11-19 21:52:30, EXEC, v:1, k:poo@cinema, mode:FULL, rate:100
2025-11-19 21:53:55, EXEC, v:1, k:poo@cinema, mode:FULL, rate:0, size:0
2025-11-19 22:17:31, EXEC, v:1, k:poo@cinema, mode:FULL, rate:0, size:2
2025-11-19 22:19:28, EXEC, v:1, k:poo@cinema, mode:FULL, rate:0, size:6
2025-11-19 22:23:18, EXEC, v:1, k:poo@cinema, mode:FULL, rate:0
2025-11-19 22:23:19, EXEC, v:1, k:poo@cinema, mode:FULL, rate:0
2025-11-19 22:23:20, MOVE, v:1, k:poo@cinema, mode:BACK
2025-11-19 22:23:25, MOVE, v:1, k:poo@cinema, mode:PICK
2025-11-19 22:23:26, EXEC, v:1, k:poo@cinema, mode:FULL, rate:0
2025-11-19 23:41:54, EXEC, v:1, k:poo@cinema, mode:FULL, rate:0
2025-11-19 23:41:55, MOVE, v:1, k:poo@cinema, mode:BACK
